# JRE version: OpenJDK Runtime Environment Temurin-21.0.10+7 (21.0.10+7) (build 21.0.10+7-LTS)
# Java VM: OpenJDK 64-Bit Server VM Temurin-21.0.10+7 (21.0.10+7-LTS, mixed mode, sharing, tiered, compressed oops, compressed class ptrs, parallel gc, windows-amd64)
GC Precious Log:
 CardTable entry size: 512
 CPUs: 12 total, 12 available
 Memory: 16163M
 Large Page Support: Disabled
 NUMA Support: Disabled
 Compressed Oops: Enabled (32-bit)
 Alignments: Space 512K, Generation 512K, Heap 2M
 Heap Min Capacity: 100M
 Heap Initial Capacity: 100M
 Heap Max Capacity: 2G
 Pre-touch: Disabled
 Parallel Workers: 10
Heap:
 PSYoungGen      total 20992K, used 18435K [0x00000000d5580000, 0x00000000d6c00000, 0x0000000100000000)
  eden space 19968K, 88% used [0x00000000d5580000,0x00000000d66c8ff0,0x00000000d6900000)
  from space 1024K, 71% used [0x00000000d6900000,0x00000000d69b8000,0x00000000d6a00000)
  to   space 1536K, 0% used [0x00000000d6a80000,0x00000000d6a80000,0x00000000d6c00000)
 ParOldGen       total 68608K, used 65706K [0x0000000080000000, 0x0000000084300000, 0x00000000d5580000)
  object space 68608K, 95% used [0x0000000080000000,0x000000008402aa50,0x0000000084300000)
 Metaspace       used 71797K, committed 73344K, reserved 1114112K
  class space    used 8934K, committed 9600K, reserved 1048576K
GC Heap History (20 events):
Event: 32.796 GC heap before
{Heap before GC invocations=57 (full 3):
 PSYoungGen      total 22016K, used 21280K [0x00000000d5580000, 0x00000000d6c80000, 0x0000000100000000)
  eden space 20992K, 100% used [0x00000000d5580000,0x00000000d6a00000,0x00000000d6a00000)
  from space 1024K, 28% used [0x00000000d6a80000,0x00000000d6ac8000,0x00000000d6b80000)
  to   space 512K, 0% used [0x00000000d6c00000,0x00000000d6c00000,0x00000000d6c80000)
 ParOldGen       total 68608K, used 61933K [0x0000000080000000, 0x0000000084300000, 0x00000000d5580000)
  object space 68608K, 90% used [0x0000000080000000,0x0000000083c7b770,0x0000000084300000)
 Metaspace       used 66792K, committed 68160K, reserved 1114112K
  class space    used 8368K, committed 9024K, reserved 1048576K
}
Event: 32.797 GC heap after
{Heap after GC invocations=57 (full 3):
 PSYoungGen      total 21504K, used 352K [0x00000000d5580000, 0x00000000d6c80000, 0x0000000100000000)
  eden space 20992K, 0% used [0x00000000d5580000,0x00000000d5580000,0x00000000d6a00000)
  from space 512K, 68% used [0x00000000d6c00000,0x00000000d6c58000,0x00000000d6c80000)
  to   space 512K, 0% used [0x00000000d6b80000,0x00000000d6b80000,0x00000000d6c00000)
 ParOldGen       total 68608K, used 62013K [0x0000000080000000, 0x0000000084300000, 0x00000000d5580000)
  object space 68608K, 90% used [0x0000000080000000,0x0000000083c8f770,0x0000000084300000)
 Metaspace       used 66792K, committed 68160K, reserved 1114112K
  class space    used 8368K, committed 9024K, reserved 1048576K
}
Event: 33.896 GC heap before
{Heap before GC invocations=58 (full 3):
 PSYoungGen      total 21504K, used 21344K [0x00000000d5580000, 0x00000000d6c80000, 0x0000000100000000)
  eden space 20992K, 100% used [0x00000000d5580000,0x00000000d6a00000,0x00000000d6a00000)
  from space 512K, 68% used [0x00000000d6c00000,0x00000000d6c58000,0x00000000d6c80000)
  to   space 512K, 0% used [0x00000000d6b80000,0x00000000d6b80000,0x00000000d6c00000)
 ParOldGen       total 68608K, used 62013K [0x0000000080000000, 0x0000000084300000, 0x00000000d5580000)
  object space 68608K, 90% used [0x0000000080000000,0x0000000083c8f770,0x0000000084300000)
 Metaspace       used 66879K, committed 68224K, reserved 1114112K
  class space    used 8382K, committed 9024K, reserved 1048576K
}
Event: 33.898 GC heap after
{Heap after GC invocations=58 (full 3):
 PSYoungGen      total 21504K, used 320K [0x00000000d5580000, 0x00000000d6c80000, 0x0000000100000000)
  eden space 20992K, 0% used [0x00000000d5580000,0x00000000d5580000,0x00000000d6a00000)
  from space 512K, 62% used [0x00000000d6b80000,0x00000000d6bd0000,0x00000000d6c00000)
  to   space 512K, 0% used [0x00000000d6c00000,0x00000000d6c00000,0x00000000d6c80000)
 ParOldGen       total 68608K, used 62269K [0x0000000080000000, 0x0000000084300000, 0x00000000d5580000)
  object space 68608K, 90% used [0x0000000080000000,0x0000000083ccf770,0x0000000084300000)
 Metaspace       used 66879K, committed 68224K, reserved 1114112K
  class space    used 8382K, committed 9024K, reserved 1048576K
}
Event: 34.660 GC heap before
{Heap before GC invocations=59 (full 3):
 PSYoungGen      total 21504K, used 21312K [0x00000000d5580000, 0x00000000d6c80000, 0x0000000100000000)
  eden space 20992K, 100% used [0x00000000d5580000,0x00000000d6a00000,0x00000000d6a00000)
  from space 512K, 62% used [0x00000000d6b80000,0x00000000d6bd0000,0x00000000d6c00000)
  to   space 512K, 0% used [0x00000000d6c00000,0x00000000d6c00000,0x00000000d6c80000)
 ParOldGen       total 68608K, used 62269K [0x0000000080000000, 0x0000000084300000, 0x00000000d5580000)
  object space 68608K, 90% used [0x0000000080000000,0x0000000083ccf770,0x0000000084300000)
 Metaspace       used 67417K, committed 68864K, reserved 1114112K
  class space    used 8450K, committed 9088K, reserved 1048576K
}
Event: 34.662 GC heap after
{Heap after GC invocations=59 (full 3):
 PSYoungGen      total 21504K, used 512K [0x00000000d5580000, 0x00000000d6d00000, 0x0000000100000000)
  eden space 20992K, 0% used [0x00000000d5580000,0x00000000d5580000,0x00000000d6a00000)
  from space 512K, 100% used [0x00000000d6c00000,0x00000000d6c80000,0x00000000d6c80000)
  to   space 1536K, 0% used [0x00000000d6a00000,0x00000000d6a00000,0x00000000d6b80000)
 ParOldGen       total 68608K, used 62701K [0x0000000080000000, 0x0000000084300000, 0x00000000d5580000)
  object space 68608K, 91% used [0x0000000080000000,0x0000000083d3b7c0,0x0000000084300000)
 Metaspace       used 67417K, committed 68864K, reserved 1114112K
  class space    used 8450K, committed 9088K, reserved 1048576K
}
Event: 34.901 GC heap before
{Heap before GC invocations=60 (full 3):
 PSYoungGen      total 21504K, used 21504K [0x00000000d5580000, 0x00000000d6d00000, 0x0000000100000000)
  eden space 20992K, 100% used [0x00000000d5580000,0x00000000d6a00000,0x00000000d6a00000)
  from space 512K, 100% used [0x00000000d6c00000,0x00000000d6c80000,0x00000000d6c80000)
  to   space 1536K, 0% used [0x00000000d6a00000,0x00000000d6a00000,0x00000000d6b80000)
 ParOldGen       total 68608K, used 62701K [0x0000000080000000, 0x0000000084300000, 0x00000000d5580000)
  object space 68608K, 91% used [0x0000000080000000,0x0000000083d3b7c0,0x0000000084300000)
 Metaspace       used 68096K, committed 69504K, reserved 1114112K
  class space    used 8545K, committed 9216K, reserved 1048576K
}
Event: 34.902 GC heap after
{Heap after GC invocations=60 (full 3):
 PSYoungGen      total 22528K, used 768K [0x00000000d5580000, 0x00000000d6c80000, 0x0000000100000000)
  eden space 20992K, 0% used [0x00000000d5580000,0x00000000d5580000,0x00000000d6a00000)
  from space 1536K, 50% used [0x00000000d6a00000,0x00000000d6ac0010,0x00000000d6b80000)
  to   space 1024K, 0% used [0x00000000d6b80000,0x00000000d6b80000,0x00000000d6c80000)
 ParOldGen       total 68608K, used 63205K [0x0000000080000000, 0x0000000084300000, 0x00000000d5580000)
  object space 68608K, 92% used [0x0000000080000000,0x0000000083db97c0,0x0000000084300000)
 Metaspace       used 68096K, committed 69504K, reserved 1114112K
  class space    used 8545K, committed 9216K, reserved 1048576K
}
Event: 35.094 GC heap before
{Heap before GC invocations=61 (full 3):
 PSYoungGen      total 22528K, used 21760K [0x00000000d5580000, 0x00000000d6c80000, 0x0000000100000000)
  eden space 20992K, 100% used [0x00000000d5580000,0x00000000d6a00000,0x00000000d6a00000)
  from space 1536K, 50% used [0x00000000d6a00000,0x00000000d6ac0010,0x00000000d6b80000)
  to   space 1024K, 0% used [0x00000000d6b80000,0x00000000d6b80000,0x00000000d6c80000)
 ParOldGen       total 68608K, used 63205K [0x0000000080000000, 0x0000000084300000, 0x00000000d5580000)
  object space 68608K, 92% used [0x0000000080000000,0x0000000083db97c0,0x0000000084300000)
 Metaspace       used 68275K, committed 69632K, reserved 1114112K
  class space    used 8568K, committed 9216K, reserved 1048576K
}
Event: 35.095 GC heap after
{Heap after GC invocations=61 (full 3):
 PSYoungGen      total 22016K, used 544K [0x00000000d5580000, 0x00000000d6c80000, 0x0000000100000000)
  eden space 20992K, 0% used [0x00000000d5580000,0x00000000d5580000,0x00000000d6a00000)
  from space 1024K, 53% used [0x00000000d6b80000,0x00000000d6c08000,0x00000000d6c80000)
  to   space 1024K, 0% used [0x00000000d6a80000,0x00000000d6a80000,0x00000000d6b80000)
 ParOldGen       total 68608K, used 63627K [0x0000000080000000, 0x0000000084300000, 0x00000000d5580000)
  object space 68608K, 92% used [0x0000000080000000,0x0000000083e22ff0,0x0000000084300000)
 Metaspace       used 68275K, committed 69632K, reserved 1114112K
  class space    used 8568K, committed 9216K, reserved 1048576K
}
Event: 35.514 GC heap before
{Heap before GC invocations=62 (full 3):
 PSYoungGen      total 22016K, used 21536K [0x00000000d5580000, 0x00000000d6c80000, 0x0000000100000000)
  eden space 20992K, 100% used [0x00000000d5580000,0x00000000d6a00000,0x00000000d6a00000)
  from space 1024K, 53% used [0x00000000d6b80000,0x00000000d6c08000,0x00000000d6c80000)
  to   space 1024K, 0% used [0x00000000d6a80000,0x00000000d6a80000,0x00000000d6b80000)
 ParOldGen       total 68608K, used 63627K [0x0000000080000000, 0x0000000084300000, 0x00000000d5580000)
  object space 68608K, 92% used [0x0000000080000000,0x0000000083e22ff0,0x0000000084300000)
 Metaspace       used 68572K, committed 70016K, reserved 1114112K
  class space    used 8601K, committed 9280K, reserved 1048576K
}
Event: 35.515 GC heap after
{Heap after GC invocations=62 (full 3):
 PSYoungGen      total 21504K, used 512K [0x00000000d5580000, 0x00000000d6c00000, 0x0000000100000000)
  eden space 20992K, 0% used [0x00000000d5580000,0x00000000d5580000,0x00000000d6a00000)
  from space 512K, 100% used [0x00000000d6a80000,0x00000000d6b00000,0x00000000d6b00000)
  to   space 1024K, 0% used [0x00000000d6b00000,0x00000000d6b00000,0x00000000d6c00000)
 ParOldGen       total 68608K, used 63715K [0x0000000080000000, 0x0000000084300000, 0x00000000d5580000)
  object space 68608K, 92% used [0x0000000080000000,0x0000000083e38ff0,0x0000000084300000)
 Metaspace       used 68572K, committed 70016K, reserved 1114112K
  class space    used 8601K, committed 9280K, reserved 1048576K
}
Event: 36.061 GC heap before
{Heap before GC invocations=63 (full 3):
 PSYoungGen      total 21504K, used 21504K [0x00000000d5580000, 0x00000000d6c00000, 0x0000000100000000)
  eden space 20992K, 100% used [0x00000000d5580000,0x00000000d6a00000,0x00000000d6a00000)
  from space 512K, 100% used [0x00000000d6a80000,0x00000000d6b00000,0x00000000d6b00000)
  to   space 1024K, 0% used [0x00000000d6b00000,0x00000000d6b00000,0x00000000d6c00000)
 ParOldGen       total 68608K, used 63715K [0x0000000080000000, 0x0000000084300000, 0x00000000d5580000)
  object space 68608K, 92% used [0x0000000080000000,0x0000000083e38ff0,0x0000000084300000)
 Metaspace       used 68577K, committed 70016K, reserved 1114112K
  class space    used 8601K, committed 9280K, reserved 1048576K
}
Event: 36.062 GC heap after
{Heap after GC invocations=63 (full 3):
 PSYoungGen      total 21504K, used 192K [0x00000000d5580000, 0x00000000d6b80000, 0x0000000100000000)
  eden space 20992K, 0% used [0x00000000d5580000,0x00000000d5580000,0x00000000d6a00000)
  from space 512K, 37% used [0x00000000d6b00000,0x00000000d6b30000,0x00000000d6b80000)
  to   space 512K, 0% used [0x00000000d6a80000,0x00000000d6a80000,0x00000000d6b00000)
 ParOldGen       total 68608K, used 64016K [0x0000000080000000, 0x0000000084300000, 0x00000000d5580000)
  object space 68608K, 93% used [0x0000000080000000,0x0000000083e84030,0x0000000084300000)
 Metaspace       used 68577K, committed 70016K, reserved 1114112K
  class space    used 8601K, committed 9280K, reserved 1048576K
}
Event: 36.330 GC heap before
{Heap before GC invocations=64 (full 3):
 PSYoungGen      total 21504K, used 21184K [0x00000000d5580000, 0x00000000d6b80000, 0x0000000100000000)
  eden space 20992K, 100% used [0x00000000d5580000,0x00000000d6a00000,0x00000000d6a00000)
  from space 512K, 37% used [0x00000000d6b00000,0x00000000d6b30000,0x00000000d6b80000)
  to   space 512K, 0% used [0x00000000d6a80000,0x00000000d6a80000,0x00000000d6b00000)
 ParOldGen       total 68608K, used 64016K [0x0000000080000000, 0x0000000084300000, 0x00000000d5580000)
  object space 68608K, 93% used [0x0000000080000000,0x0000000083e84030,0x0000000084300000)
 Metaspace       used 69224K, committed 70720K, reserved 1114112K
  class space    used 8673K, committed 9344K, reserved 1048576K
}
Event: 36.331 GC heap after
{Heap after GC invocations=64 (full 3):
 PSYoungGen      total 21504K, used 504K [0x00000000d5580000, 0x00000000d6c00000, 0x0000000100000000)
  eden space 20992K, 0% used [0x00000000d5580000,0x00000000d5580000,0x00000000d6a00000)
  from space 512K, 98% used [0x00000000d6a80000,0x00000000d6afe1a8,0x00000000d6b00000)
  to   space 1024K, 0% used [0x00000000d6b00000,0x00000000d6b00000,0x00000000d6c00000)
 ParOldGen       total 68608K, used 64040K [0x0000000080000000, 0x0000000084300000, 0x00000000d5580000)
  object space 68608K, 93% used [0x0000000080000000,0x0000000083e8a030,0x0000000084300000)
 Metaspace       used 69224K, committed 70720K, reserved 1114112K
  class space    used 8673K, committed 9344K, reserved 1048576K
}
Event: 38.115 GC heap before
{Heap before GC invocations=65 (full 3):
 PSYoungGen      total 21504K, used 21485K [0x00000000d5580000, 0x00000000d6c00000, 0x0000000100000000)
  eden space 20992K, 99% used [0x00000000d5580000,0x00000000d69fd268,0x00000000d6a00000)
  from space 512K, 98% used [0x00000000d6a80000,0x00000000d6afe1a8,0x00000000d6b00000)
  to   space 1024K, 0% used [0x00000000d6b00000,0x00000000d6b00000,0x00000000d6c00000)
 ParOldGen       total 68608K, used 64040K [0x0000000080000000, 0x0000000084300000, 0x00000000d5580000)
  object space 68608K, 93% used [0x0000000080000000,0x0000000083e8a030,0x0000000084300000)
 Metaspace       used 70458K, committed 72000K, reserved 1114112K
  class space    used 8788K, committed 9472K, reserved 1048576K
}
Event: 38.116 GC heap after
{Heap after GC invocations=65 (full 3):
 PSYoungGen      total 20992K, used 1008K [0x00000000d5580000, 0x00000000d6e00000, 0x0000000100000000)
  eden space 19968K, 0% used [0x00000000d5580000,0x00000000d5580000,0x00000000d6900000)
  from space 1024K, 98% used [0x00000000d6b00000,0x00000000d6bfc070,0x00000000d6c00000)
  to   space 2048K, 0% used [0x00000000d6900000,0x00000000d6900000,0x00000000d6b00000)
 ParOldGen       total 68608K, used 64768K [0x0000000080000000, 0x0000000084300000, 0x00000000d5580000)
  object space 68608K, 94% used [0x0000000080000000,0x0000000083f40268,0x0000000084300000)
 Metaspace       used 70458K, committed 72000K, reserved 1114112K
  class space    used 8788K, committed 9472K, reserved 1048576K
}
Event: 501.566 GC heap before
{Heap before GC invocations=66 (full 3):
 PSYoungGen      total 20992K, used 20976K [0x00000000d5580000, 0x00000000d6e00000, 0x0000000100000000)
  eden space 19968K, 100% used [0x00000000d5580000,0x00000000d6900000,0x00000000d6900000)
  from space 1024K, 98% used [0x00000000d6b00000,0x00000000d6bfc070,0x00000000d6c00000)
  to   space 2048K, 0% used [0x00000000d6900000,0x00000000d6900000,0x00000000d6b00000)
 ParOldGen       total 68608K, used 64768K [0x0000000080000000, 0x0000000084300000, 0x00000000d5580000)
  object space 68608K, 94% used [0x0000000080000000,0x0000000083f40268,0x0000000084300000)
 Metaspace       used 71507K, committed 73088K, reserved 1114112K
  class space    used 8920K, committed 9600K, reserved 1048576K
}
Event: 501.567 GC heap after
{Heap after GC invocations=66 (full 3):
 PSYoungGen      total 20992K, used 736K [0x00000000d5580000, 0x00000000d6c00000, 0x0000000100000000)
  eden space 19968K, 0% used [0x00000000d5580000,0x00000000d5580000,0x00000000d6900000)
  from space 1024K, 71% used [0x00000000d6900000,0x00000000d69b8000,0x00000000d6a00000)
  to   space 1536K, 0% used [0x00000000d6a80000,0x00000000d6a80000,0x00000000d6c00000)
 ParOldGen       total 68608K, used 65706K [0x0000000080000000, 0x0000000084300000, 0x00000000d5580000)
  object space 68608K, 95% used [0x0000000080000000,0x000000008402aa50,0x0000000084300000)
 Metaspace       used 71507K, committed 73088K, reserved 1114112K
  class space    used 8920K, committed 9600K, reserved 1048576K
}

